<?xml version="1.0" encoding="UTF-8"?>
<!-- Generated by org.testng.reporters.JUnitReportReporter -->
<testsuite skipped="0" hostname="DESKTOP-F0TDA64" name="testRunners.AdminLoginTest" tests="1" failures="0" timestamp="25 Feb 2022 11:00:46 GMT" time="18.009" errors="0">
  <testcase name="feature" time="18.009" classname="testRunners.AdminLoginTest"/>
</testsuite> <!-- testRunners.AdminLoginTest -->
